<?xml version="1.0" encoding="UTF-8"?>
<!-- Generated by org.testng.reporters.JUnitReportReporter -->
<testsuite hostname="DESKTOP-LLE4103" failures="0" tests="1" name="tests.LoginValidCred" time="32.016" errors="0" timestamp="2022-12-14T11:57:49 IST" skipped="0">
  <testcase classname="tests.LoginValidCred" name="loginWithValidCredentails" time="32.016"/>
  <system-out/>
</testsuite> <!-- tests.LoginValidCred -->
